<?xml version="1.0" encoding="UTF-8"?>
<!-- Generated by org.testng.reporters.JUnitXMLReporter -->
<testsuite ignored="0" hostname="Zero" failures="3" tests="7" name="FitnessAppTest" time="42.939" errors="0" timestamp="2023-11-08T11:53:48 IST">
  <testcase classname="HomePageTest" name="HomepageHeading" time="0.839">
    <failure type="java.lang.AssertionError" message="Description text does not match expected [The only bad workout is the one that didn&amp;apos;t happen.] but found [&amp;quot;The only bad workout is the one that didn&amp;apos;t happen.&amp;quot;]">
      <![CDATA[java.lang.AssertionError: Description text does not match expected [The only bad workout is the one that didn't happen.] but found ["The only bad workout is the one that didn't happen."]
at HomePageTest.HomepageHeading(HomePageTest.java:57)
at java.base/java.util.ArrayList.forEach(ArrayList.java:1540)
at java.base/java.util.concurrent.FutureTask.run(FutureTask.java:264)
at java.base/java.util.concurrent.ThreadPoolExecutor.runWorker(ThreadPoolExecutor.java:1128)
at java.base/java.util.concurrent.ThreadPoolExecutor$Worker.run(ThreadPoolExecutor.java:628)
at java.base/java.lang.Thread.run(Thread.java:834)
... Removed 22 stack frames]]>
    </failure>
  </testcase> <!-- HomepageHeading -->
  <testcase classname="LoginPageTest" name="emptyinputfields" time="0.22"/>
  <testcase classname="HomePageTest" name="Logoutfunctionality" time="0.783">
    <failure type="java.lang.AssertionError" message="URLs do not match expected [https://qafitnessapp.ccbp.tech/gym/login/] but found [https://qafitnessapp.ccbp.tech/gym/login]">
      <![CDATA[java.lang.AssertionError: URLs do not match expected [https://qafitnessapp.ccbp.tech/gym/login/] but found [https://qafitnessapp.ccbp.tech/gym/login]
at HomePageTest.Logoutfunctionality(HomePageTest.java:86)
at java.base/java.util.ArrayList.forEach(ArrayList.java:1540)
at java.base/java.util.concurrent.FutureTask.run(FutureTask.java:264)
at java.base/java.util.concurrent.ThreadPoolExecutor.runWorker(ThreadPoolExecutor.java:1128)
at java.base/java.util.concurrent.ThreadPoolExecutor$Worker.run(ThreadPoolExecutor.java:628)
at java.base/java.lang.Thread.run(Thread.java:834)
... Removed 22 stack frames]]>
    </failure>
  </testcase> <!-- Logoutfunctionality -->
  <testcase classname="LoginPageTest" name="submissionemptyUserIDfield" time="0.703"/>
  <testcase classname="LoginPageTest" name="submissionemptyPINfield" time="0.701"/>
  <testcase classname="LoginPageTest" name="submissioninvalidPIN" time="1.272"/>
  <testcase classname="LoginPageTest" name="successfullogin" time="5.285">
    <failure type="org.openqa.selenium.TimeoutException" message="Expected condition failed: waiting for url to be &amp;quot;https://qaebank.ccbp.tech/&amp;quot;. Current url: &amp;quot;https://qafitnessapp.ccbp.tech/&amp;quot; (tried for 5 second(s) with 500 milliseconds interval)
Build info: version: &amp;apos;4.9.1&amp;apos;, revision: &amp;apos;eb2032df7f&amp;apos;
System info: os.name: &amp;apos;Windows 10&amp;apos;, os.arch: &amp;apos;amd64&amp;apos;, os.version: &amp;apos;10.0&amp;apos;, java.version: &amp;apos;11.0.2&amp;apos;
Driver info: org.openqa.selenium.chrome.ChromeDriver
Capabilities {acceptInsecureCerts: false, browserName: chrome, browserVersion: 119.0.6045.106, chrome: {chromedriverVersion: 119.0.6045.105 (38c72552c5e..., userDataDir: C:\Users\nikma\AppData\Loca...}, fedcm:accounts: true, goog:chromeOptions: {debuggerAddress: localhost:63643}, networkConnectionEnabled: false, pageLoadStrategy: normal, platformName: windows, proxy: Proxy(), se:cdp: ws://localhost:63643/devtoo..., se:cdpVersion: 119.0.6045.106, setWindowRect: true, strictFileInteractability: false, timeouts: {implicit: 0, pageLoad: 300000, script: 30000}, unhandledPromptBehavior: dismiss and notify, webauthn:extension:credBlob: true, webauthn:extension:largeBlob: true, webauthn:extension:minPinLength: true, webauthn:extension:prf: true, webauthn:virtualAuthenticators: true}
Session ID: bef4242358e4acc98a6904df8a28c6f8">
      <![CDATA[org.openqa.selenium.TimeoutException: Expected condition failed: waiting for url to be "https://qaebank.ccbp.tech/". Current url: "https://qafitnessapp.ccbp.tech/" (tried for 5 second(s) with 500 milliseconds interval)
Build info: version: '4.9.1', revision: 'eb2032df7f'
System info: os.name: 'Windows 10', os.arch: 'amd64', os.version: '10.0', java.version: '11.0.2'
Driver info: org.openqa.selenium.chrome.ChromeDriver
Capabilities {acceptInsecureCerts: false, browserName: chrome, browserVersion: 119.0.6045.106, chrome: {chromedriverVersion: 119.0.6045.105 (38c72552c5e..., userDataDir: C:\Users\nikma\AppData\Loca...}, fedcm:accounts: true, goog:chromeOptions: {debuggerAddress: localhost:63643}, networkConnectionEnabled: false, pageLoadStrategy: normal, platformName: windows, proxy: Proxy(), se:cdp: ws://localhost:63643/devtoo..., se:cdpVersion: 119.0.6045.106, setWindowRect: true, strictFileInteractability: false, timeouts: {implicit: 0, pageLoad: 300000, script: 30000}, unhandledPromptBehavior: dismiss and notify, webauthn:extension:credBlob: true, webauthn:extension:largeBlob: true, webauthn:extension:minPinLength: true, webauthn:extension:prf: true, webauthn:virtualAuthenticators: true}
Session ID: bef4242358e4acc98a6904df8a28c6f8
at org.openqa.selenium.support.ui.WebDriverWait.timeoutException(WebDriverWait.java:87)
at org.openqa.selenium.support.ui.FluentWait.until(FluentWait.java:231)
at LoginPageTest.successfullogin(LoginPageTest.java:112)
at java.base/java.util.ArrayList.forEach(ArrayList.java:1540)
at java.base/java.util.concurrent.FutureTask.run(FutureTask.java:264)
at java.base/java.util.concurrent.ThreadPoolExecutor.runWorker(ThreadPoolExecutor.java:1128)
at java.base/java.util.concurrent.ThreadPoolExecutor$Worker.run(ThreadPoolExecutor.java:628)
at java.base/java.lang.Thread.run(Thread.java:834)
... Removed 17 stack frames]]>
    </failure>
  </testcase> <!-- successfullogin -->
</testsuite> <!-- FitnessAppTest -->
